Start
Starting Writers
Starting Writer exons
Starting Writer introns
exons writer started
Starting Writer coding_exons
introns writer started
Starting Writer coding_introns
coding_exons writer started
Starting Writer non_coding_exons
coding_introns writer started
Starting Writer non_coding_introns
non_coding_exons writer started
Starting Writer cds
non_coding_introns writer started
Starting Writer 3utr
cds writer started
Starting Writer 5utr
3utr writer started
Starting Writer 5utr_start
5utr writer started
Writers Started
Starting Readers
Starting Reader exons
5utr_start writer started
Starting Reader introns
Starting Reader coding_exons
exons  reader started
introns  reader started
Starting Reader coding_introns
coding_exons  reader started
Starting Reader non_coding_exons
Starting Reader non_coding_introns
coding_introns  reader started
Starting Reader cds
non_coding_exons  reader started
Starting Reader 3utr
non_coding_introns  reader started
Starting Reader 5utr
cds  reader started
Starting Reader 5utr_start
3utr  reader started
Readers Started
Starting Worker Threads
Starting Worker Thread 0
5utr_start  reader started
5utr  reader started
non_coding_introns read 0
non_coding_exons read 0
Starting Worker Thread 1
Work thread 1 started
Starting Worker Thread 2
Work thread 0 started
non_coding_exons read 100
5utr_start read 0
non_coding_exons read 200
5utr_start read 100
5utr_start read 200
5utr read 0
5utr_start read 300
non_coding_exons read 300
5utr_start read 400
5utr read 100
Starting Worker Thread 3
Starting Worker Thread 4
5utr read 200
Starting Worker Thread 5
5utr_start read 500
5utr read 300
5utr read 400
5utr_start read 600
5utr read 500
5utr_start read 700
5utr_start read 800
5utr read 600
5utr_start read 900
5utr read 700
5utr_start read 1000
5utr read 800
non_coding_exons read 400
5utr_start read 1100
Work thread 2 started
5utr read 900
Starting Worker Thread 6
Work thread 3 started
coding_introns read 0
Work thread 4 started
5utr_start read 1200
Work thread 5 started
5utr read 1000
5utr read 1100
5utr read 1200
5utr read 1300
non_coding_exons read 500
Starting Worker Thread 7
5utr read 1400
5utr read 1500
5utr read 1600
5utr read 1700
5utr read 1800
5utr read 1900
Starting Worker Thread 8
5utr_start read 1300
non_coding_exons read 600
introns read 0
Work thread 7 started
5utr read 2000
Work thread 6 started
5utr_start read 1400
5utr_start read 1500
5utr_start read 1600
non_coding_exons read 700
5utr_start read 1700
5utr_start read 1800
5utr_start read 1900
non_coding_exons read 800
5utr_start read 2000
5utr_start read 2100
5utr_start read 2200
non_coding_exons read 900
5utr_start read 2300
5utr_start read 2400
5utr_start read 2500
non_coding_exons read 1000
Starting Worker Thread 9
Starting Worker Thread 10
Starting Worker Thread 11
5utr read 2100
5utr read 2200
5utr read 2300
5utr read 2400
5utr read 2500
3utr read 0
5utr_start read 2600
5utr_start read 2700
3utr read 100
5utr_start read 2800
3utr read 200
non_coding_introns read 100
3utr read 300
Starting Worker Thread 12
Work thread 10 started
5utr read 2600
5utr read 2700
5utr read 2800
5utr read 2900
5utr read 3000
5utr read 3100
5utr_start read 2900
Work thread 8 started
Work thread 9 started
non_coding_introns read 200
Work thread 11 started
5utr read 3200
5utr read 3300
5utr read 3400
cds read 0
5utr read 3500
5utr read 3600
5utr read 3700
cds read 100
cds read 200
5utr read 3800
5utr read 3900
cds read 300
5utr read 4000
5utr read 4100
5utr read 4200
5utr read 4300
cds read 400
5utr read 4400
5utr read 4500
5utr read 4600
Starting Worker Thread 13
non_coding_exons read 1100
3utr read 400
non_coding_exons read 1200
Work thread 12 started
Starting Worker Thread 14
Work thread 13 started
non_coding_exons read 1300
coding_exons read 0
5utr read 4700
Starting Worker Thread 15
3utr read 500
non_coding_introns read 300
coding_exons read 100
5utr read 4800
5utr  reader exiting, read 4880, submitted 5088 work items
Worker Threads Started
Waiting for input threads
Work thread 15 started
cds read 500
coding_exons read 200
non_coding_exons read 1400
non_coding_exons read 1500
non_coding_exons read 1600
coding_exons read 300
non_coding_exons read 1700
non_coding_exons read 1800
non_coding_exons read 1900
non_coding_exons read 2000
cds read 600
coding_exons read 400
cds read 700
non_coding_exons read 2100
non_coding_exons read 2200
cds read 800
Work thread 14 started
5utr_start read 3000
5utr_start read 3100
introns read 100
exons read 0
non_coding_exons  reader exiting, read 2247, submitted 1578 work items
coding_exons read 500
3utr read 600
3utr read 700
exons read 100
3utr read 800
non_coding_introns read 400
5utr_start read 3200
5utr_start read 3300
5utr_start read 3400
cds read 900
5utr_start read 3500
5utr_start read 3600
5utr_start read 3700
exons read 200
3utr read 900
exons read 300
5utr_start read 3800
cds read 1000
5utr_start read 3900
5utr_start read 4000
5utr_start read 4100
5utr_start read 4200
5utr_start read 4300
5utr_start read 4400
non_coding_introns read 500
5utr_start read 4500
cds read 1100
5utr_start read 4600
5utr_start read 4700
cds read 1200
exons read 400
cds read 1300
exons read 500
3utr read 1000
3utr read 1100
5utr_start read 4800
5utr_start  reader exiting, read 4880, submitted 5468 work items
coding_exons read 600
exons read 600
cds read 1400
exons read 700
3utr read 1200
cds read 1500
3utr read 1300
cds read 1600
coding_introns read 100
cds read 1700
cds read 1800
exons read 800
3utr read 1400
coding_introns read 200
cds read 1900
introns read 200
non_coding_introns read 600
coding_exons read 700
introns read 300
3utr read 1500
3utr read 1600
cds read 2000
exons read 900
3utr read 1700
3utr read 1800
coding_exons read 800
cds read 2100
3utr read 1900
introns read 400
coding_introns read 300
cds read 2200
exons read 1000
exons read 1100
3utr read 2000
introns read 500
cds read 2300
coding_exons read 900
non_coding_introns read 700
exons read 1200
cds read 2400
exons read 1300
cds read 2500
coding_exons read 1000
cds read 2600
3utr read 2100
cds read 2700
cds read 2800
non_coding_introns read 800
exons read 1400
coding_exons read 1100
cds read 2900
exons read 1500
non_coding_introns read 900
cds read 3000
exons read 1600
3utr read 2200
3utr read 2300
cds read 3100
coding_exons read 1200
cds read 3200
introns read 600
non_coding_introns read 1000
3utr read 2400
exons read 1700
coding_exons read 1300
cds read 3300
3utr read 2500
cds read 3400
exons read 1800
exons read 1900
cds read 3500
non_coding_introns read 1100
3utr read 2600
3utr read 2700
cds read 3600
cds read 3700
exons read 2000
coding_exons read 1400
3utr read 2800
3utr read 2900
cds read 3800
3utr read 3000
exons read 2100
3utr read 3100
3utr read 3200
cds read 3900
non_coding_introns read 1200
3utr read 3300
introns read 700
3utr read 3400
3utr read 3500
coding_exons read 1500
coding_introns read 400
3utr read 3600
3utr read 3700
cds read 4000
exons read 2200
exons read 2300
3utr read 3800
coding_exons read 1600
exons read 2400
3utr read 3900
coding_exons read 1700
3utr read 4000
cds read 4100
exons read 2500
exons read 2600
3utr read 4100
exons read 2700
coding_exons read 1800
3utr read 4200
3utr read 4300
cds read 4200
cds read 4300
cds read 4400
exons read 2800
3utr read 4400
3utr read 4500
3utr read 4600
3utr read 4700
exons read 2900
3utr read 4800
3utr read 4900
3utr  reader exiting, read 4931, submitted 7554 work items
cds read 4500
coding_exons read 1900
introns read 800
exons read 3000
coding_exons read 2000
non_coding_introns read 1300
exons read 3100
exons read 3200
cds read 4600
exons read 3300
coding_exons read 2100
cds read 4700
cds read 4800
coding_introns read 500
cds read 4900
cds  reader exiting, read 4931, submitted 8518 work items
coding_exons read 2200
exons read 3400
non_coding_introns read 1400
exons read 3500
exons read 3600
exons read 3700
exons read 3800
exons read 3900
exons read 4000
exons read 4100
exons read 4200
exons read 4300
exons read 4400
exons read 4500
coding_exons read 2300
exons read 4600
coding_exons read 2400
exons read 4700
coding_exons read 2500
exons read 4800
exons read 4900
exons read 5000
non_coding_introns read 1500
coding_exons read 2600
coding_exons read 2700
coding_exons read 2800
introns read 900
coding_exons read 2900
coding_exons read 3000
exons read 5100
coding_introns read 600
coding_exons read 3100
exons read 5200
exons read 5300
coding_exons read 3200
exons read 5400
exons read 5500
coding_exons read 3300
exons read 5600
coding_exons read 3400
non_coding_introns read 1600
exons read 5700
coding_exons read 3500
exons read 5800
coding_exons read 3600
coding_introns read 700
coding_exons read 3700
exons read 5900
coding_introns read 800
coding_exons read 3800
exons read 6000
coding_exons read 3900
coding_introns read 900
coding_exons read 4000
exons read 6100
coding_exons read 4100
exons read 6200
introns read 1000
coding_exons read 4200
coding_exons read 4300
coding_introns read 1000
exons read 6300
coding_exons read 4400
coding_exons read 4500
introns read 1100
exons read 6400
exons read 6500
exons read 6600
introns read 1200
exons read 6700
coding_exons read 4600
coding_introns read 1100
coding_exons read 4700
coding_exons read 4800
introns read 1300
coding_exons read 4900
coding_exons  reader exiting, read 4931, submitted 8746 work items
exons read 6800
introns read 1400
exons read 6900
exons read 7000
exons read 7100
exons  reader exiting, read 7179, submitted 10324 work items
introns read 1500
introns read 1600
coding_introns read 1200
non_coding_introns read 1700
introns read 1700
non_coding_introns read 1800
introns read 1800
non_coding_introns read 1900
non_coding_introns  reader exiting, read 1931, submitted 1096 work items
coding_introns read 1300
coding_introns read 1400
introns read 1900
introns read 2000
coding_introns read 1500
introns read 2100
coding_introns read 1600
introns read 2200
introns read 2300
coding_introns read 1700
introns read 2400
coding_introns read 1800
coding_introns read 1900
coding_introns read 2000
introns read 2500
introns read 2600
introns read 2700
introns read 2800
coding_introns read 2100
coding_introns read 2200
introns read 2900
coding_introns read 2300
introns read 3000
introns read 3100
coding_introns read 2400
introns read 3200
coding_introns read 2500
introns read 3300
coding_introns read 2600
introns read 3400
introns read 3500
introns read 3600
coding_introns read 2700
introns read 3700
coding_introns read 2800
coding_introns read 2900
introns read 3800
coding_introns read 3000
introns read 3900
coding_introns read 3100
introns read 4000
introns read 4100
introns read 4200
introns read 4300
introns read 4400
coding_introns read 3200
introns read 4500
coding_introns read 3300
coding_introns read 3400
introns read 4600
coding_introns read 3500
coding_introns read 3600
introns read 4700
introns read 4800
coding_introns read 3700
introns read 4900
coding_introns read 3800
introns read 5000
introns read 5100
coding_introns read 3900
introns read 5200
introns read 5300
coding_introns read 4000
introns read 5400
introns read 5500
introns read 5600
coding_introns read 4100
coding_introns read 4200
introns read 5700
coding_introns read 4300
coding_introns read 4400
coding_introns read 4500
coding_introns read 4600
coding_introns read 4700
coding_introns read 4800
coding_introns  reader exiting, read 4897, submitted 6786 work items
introns read 5800
introns read 5900
introns read 6000
introns read 6100
introns read 6200
introns read 6300
introns read 6400
introns read 6500
introns read 6600
introns read 6700
introns read 6800
introns  reader exiting, read 6829, submitted 7882 work items
All Input threads done
Waiting for work threads
non_coding_exons written 100
non_coding_exons written 200
non_coding_exons written 300
5utr_start written 100
5utr_start written 200
5utr_start written 300
5utr_start written 400
5utr_start written 500
5utr_start written 600
5utr_start written 700
5utr_start written 800
non_coding_exons written 400
5utr_start written 900
5utr_start written 1000
5utr_start written 1100
5utr_start written 1200
non_coding_exons written 500
5utr_start written 1300
5utr_start written 1400
5utr_start written 1500
5utr_start written 1600
5utr_start written 1700
non_coding_exons written 600
5utr_start written 1800
5utr written 100
5utr_start written 1900
5utr_start written 2000
5utr_start written 2100
5utr_start written 2200
5utr_start written 2300
5utr_start written 2400
5utr_start written 2500
5utr written 200
5utr_start written 2600
5utr written 300
5utr written 400
5utr written 500
5utr written 600
5utr written 700
5utr_start written 2700
5utr written 800
5utr written 900
5utr_start written 2800
non_coding_exons written 700
5utr_start written 2900
5utr_start written 3000
5utr_start written 3100
5utr written 1000
5utr written 1100
5utr_start written 3200
5utr_start written 3300
non_coding_exons written 800
5utr_start written 3400
5utr written 1200
5utr written 1300
5utr_start written 3500
5utr written 1400
5utr_start written 3600
5utr_start written 3700
5utr_start written 3800
5utr_start written 3900
5utr written 1500
5utr_start written 4000
5utr written 1600
5utr_start written 4100
5utr_start written 4200
5utr_start written 4300
non_coding_exons written 900
5utr written 1700
5utr_start written 4400
5utr written 1800
5utr_start written 4500
5utr_start written 4600
5utr written 1900
5utr_start written 4700
5utr written 2000
5utr written 2100
5utr written 2200
5utr_start written 4800
5utr written 2300
5utr_start written 4900
5utr written 2400
5utr_start written 5000
5utr written 2500
5utr written 2600
5utr_start written 5100
non_coding_exons written 1000
5utr written 2700
5utr written 2800
5utr_start written 5200
5utr written 2900
5utr_start written 5300
5utr written 3000
5utr_start written 5400
5utr written 3100
5utr written 3200
5utr_start written 5500
5utr written 3300
5utr_start written 5600
5utr written 3400
5utr_start written 5700
5utr_start written 5800
5utr written 3500
5utr_start written 5900
5utr written 3600
5utr_start written 6000
5utr written 3700
5utr_start written 6100
5utr written 3800
5utr_start written 6200
5utr written 3900
5utr written 4000
non_coding_exons written 1100
5utr_start written 6300
5utr written 4100
5utr written 4200
5utr_start written 6400
5utr written 4300
5utr_start written 6500
5utr_start written 6600
5utr written 4400
5utr written 4500
5utr_start written 6700
5utr written 4600
5utr_start written 6800
5utr written 4700
5utr_start written 6900
5utr written 4800
5utr_start written 7000
5utr_start written 7100
5utr written 4900
5utr_start written 7200
5utr_start written 7300
5utr_start written 7400
5utr_start written 7500
5utr_start written 7600
5utr written 5000
5utr written 5100
5utr_start written 7700
5utr written 5200
5utr written 5300
5utr written 5400
5utr written 5500
5utr_start written 7800
5utr_start written 7900
5utr written 5600
5utr written 5700
5utr_start written 8000
5utr_start written 8100
5utr_start written 8200
5utr_start written 8300
5utr written 5800
non_coding_exons written 1200
5utr written 5900
5utr_start written 8400
5utr written 6000
5utr_start written 8500
5utr written 6100
5utr_start written 8600
5utr written 6200
5utr_start written 8700
5utr written 6300
5utr_start written 8800
5utr written 6400
5utr_start written 8900
5utr_start written 9000
5utr written 6500
5utr_start written 9100
non_coding_exons written 1300
5utr written 6600
5utr_start written 9200
5utr_start written 9300
5utr_start written 9400
5utr written 6700
5utr_start written 9500
5utr_start written 9600
5utr written 6800
5utr_start written 9700
5utr written 6900
5utr_start written 9800
5utr_start written 9900
5utr written 7000
5utr_start written 10000
5utr written 7100
5utr_start written 10100
5utr written 7200
non_coding_exons written 1400
5utr written 7300
5utr written 7400
5utr_start written 10200
5utr written 7500
5utr_start written 10300
5utr_start written 10400
5utr written 7600
5utr written 7700
5utr_start written 10500
5utr written 7800
5utr written 7900
5utr written 8000
5utr_start written 10600
5utr_start written 10700
5utr_start written 10800
5utr_start written 10900
5utr_start written 11000
5utr_start written 11100
5utr_start written 11200
5utr_start written 11300
5utr_start written 11400
5utr_start written 11500
5utr_start written 11600
5utr written 8100
5utr written 8200
5utr written 8300
5utr written 8400
non_coding_exons written 1500
5utr written 8500
5utr written 8600
5utr written 8700
5utr written 8800
5utr written 8900
5utr written 9000
5utr written 9100
5utr written 9200
5utr written 9300
5utr written 9400
5utr written 9500
5utr written 9600
non_coding_exons written 1600
5utr written 9700
5utr written 9800
5utr written 9900
5utr written 10000
5utr written 10100
non_coding_exons written 1700
5utr written 10200
5utr written 10300
5utr written 10400
5utr written 10500
5utr written 10600
5utr written 10700
non_coding_exons written 1800
5utr written 10800
5utr written 10900
5utr written 11000
5utr written 11100
5utr written 11200
5utr written 11300
5utr written 11400
5utr written 11500
5utr written 11600
5utr written 11700
5utr written 11800
non_coding_exons written 1900
5utr written 11900
5utr written 12000
5utr written 12100
5utr written 12200
5utr written 12300
5utr written 12400
5utr written 12500
5utr written 12600
non_coding_exons written 2000
5utr_start written 11700
5utr written 12700
5utr written 12800
5utr written 12900
5utr written 13000
5utr written 13100
non_coding_exons written 2100
5utr written 13200
5utr written 13300
5utr written 13400
5utr written 13500
5utr written 13600
5utr written 13700
non_coding_exons written 2200
5utr written 13800
5utr written 13900
5utr written 14000
5utr written 14100
5utr written 14200
5utr written 14300
5utr written 14400
5utr written 14500
5utr written 14600
5utr written 14700
5utr written 14800
5utr written 14900
non_coding_exons written 2300
non_coding_introns written 100
5utr written 15000
5utr written 15100
5utr written 15200
5utr written 15300
5utr written 15400
5utr written 15500
5utr written 15600
5utr written 15700
non_coding_exons written 2400
5utr written 15800
5utr written 15900
non_coding_exons written 2500
5utr written 16000
5utr written 16100
5utr written 16200
5utr written 16300
non_coding_exons written 2600
5utr written 16400
5utr written 16500
5utr written 16600
5utr written 16700
5utr written 16800
5utr written 16900
5utr written 17000
5utr written 17100
5utr written 17200
5utr written 17300
5utr_start written 11800
5utr_start written 11900
5utr_start written 12000
non_coding_exons written 2700
5utr_start written 12100
5utr_start written 12200
5utr_start written 12300
5utr_start written 12400
5utr_start written 12500
5utr_start written 12600
5utr_start written 12700
5utr_start written 12800
5utr_start written 12900
5utr_start written 13000
5utr_start written 13100
5utr_start written 13200
5utr_start written 13300
non_coding_exons written 2800
non_coding_exons written 2900
5utr written 17400
5utr written 17500
5utr written 17600
5utr written 17700
coding_introns written 100
5utr written 17800
5utr written 17900
non_coding_exons written 3000
5utr written 18000
5utr written 18100
non_coding_exons written 3100
5utr written 18200
5utr written 18300
5utr written 18400
5utr written 18500
non_coding_exons written 3200
5utr_start written 13400
5utr_start written 13500
5utr_start written 13600
5utr_start written 13700
5utr_start written 13800
5utr_start written 13900
non_coding_exons written 3300
5utr_start written 14000
5utr_start written 14100
5utr_start written 14200
non_coding_exons written 3400
introns written 100
5utr_start written 14300
5utr_start written 14400
5utr_start written 14500
5utr_start written 14600
5utr_start written 14700
non_coding_exons written 3500
5utr_start written 14800
5utr_start written 14900
5utr_start written 15000
5utr_start written 15100
5utr_start written 15200
non_coding_exons written 3600
5utr_start written 15300
5utr_start written 15400
5utr_start written 15500
5utr_start written 15600
5utr_start written 15700
5utr_start written 15800
5utr_start written 15900
5utr_start written 16000
5utr_start written 16100
5utr_start written 16200
5utr_start written 16300
non_coding_exons written 3700
5utr_start written 16400
5utr_start written 16500
non_coding_exons written 3800
5utr_start written 16600
5utr_start written 16700
non_coding_exons written 3900
5utr_start written 16800
5utr_start written 16900
5utr_start written 17000
5utr_start written 17100
5utr_start written 17200
5utr_start written 17300
5utr_start written 17400
5utr_start written 17500
5utr_start written 17600
5utr_start written 17700
5utr_start written 17800
non_coding_exons written 4000
5utr_start written 17900
5utr_start written 18000
5utr_start written 18100
5utr_start written 18200
5utr_start written 18300
5utr_start written 18400
5utr_start written 18500
5utr_start written 18600
5utr_start written 18700
non_coding_exons written 4100
5utr_start written 18800
5utr_start written 18900
5utr_start written 19000
5utr_start written 19100
non_coding_introns written 200
5utr_start written 19200
non_coding_exons written 4200
5utr_start written 19300
5utr_start written 19400
5utr_start written 19500
5utr_start written 19600
5utr_start written 19700
5utr_start written 19800
5utr_start written 19900
5utr_start written 20000
5utr_start written 20100
5utr_start written 20200
5utr_start written 20300
5utr_start written 20400
5utr_start written 20500
non_coding_exons written 4300
5utr_start written 20600
5utr_start written 20700
5utr_start written 20800
5utr_start written 20900
5utr_start written 21000
5utr_start written 21100
5utr_start written 21200
non_coding_exons written 4400
5utr_start written 21300
5utr_start written 21400
5utr_start written 21500
non_coding_exons written 4500
5utr_start written 21600
5utr_start written 21700
5utr_start written 21800
5utr_start written 21900
5utr_start written 22000
5utr_start written 22100
5utr_start written 22200
5utr_start written 22300
5utr_start written 22400
5utr_start written 22500
5utr_start written 22600
5utr_start written 22700
5utr_start written 22800
5utr_start written 22900
5utr_start written 23000
5utr_start written 23100
5utr_start written 23200
5utr_start written 23300
non_coding_exons written 4600
5utr_start written 23400
5utr_start written 23500
5utr_start written 23600
5utr_start written 23700
5utr_start written 23800
non_coding_exons written 4700
5utr_start written 23900
non_coding_exons written 4800
5utr_start written 24000
5utr_start written 24100
5utr_start written 24200
5utr_start written 24300
non_coding_exons written 4900
5utr_start written 24400
non_coding_exons written 5000
5utr written 18600
5utr written 18700
5utr written 18800
5utr written 18900
5utr written 19000
5utr written 19100
5utr written 19200
5utr written 19300
5utr written 19400
5utr written 19500
5utr written 19600
5utr written 19700
5utr_start written 24500
5utr written 19800
5utr written 19900
5utr written 20000
5utr written 20100
5utr written 20200
5utr written 20300
5utr written 20400
5utr written 20500
5utr written 20600
5utr written 20700
5utr written 20800
5utr written 20900
5utr written 21000
5utr written 21100
5utr written 21200
5utr written 21300
5utr written 21400
5utr written 21500
5utr written 21600
5utr written 21700
5utr written 21800
5utr written 21900
5utr written 22000
5utr written 22100
5utr written 22200
5utr written 22300
5utr written 22400
5utr written 22500
5utr written 22600
5utr written 22700
5utr written 22800
3utr written 100
5utr written 22900
coding_introns written 200
3utr written 200
3utr written 300
introns written 200
3utr written 400
3utr written 500
3utr written 600
3utr written 700
3utr written 800
5utr_start written 24600
3utr written 900
5utr_start written 24700
5utr_start written 24800
3utr written 1000
5utr_start written 24900
5utr_start written 25000
5utr_start written 25100
5utr_start written 25200
5utr_start written 25300
3utr written 1100
5utr_start written 25400
5utr_start written 25500
3utr written 1200
5utr_start written 25600
5utr_start written 25700
5utr_start written 25800
5utr_start written 25900
3utr written 1300
5utr_start written 26000
5utr_start written 26100
5utr_start written 26200
5utr_start written 26300
3utr written 1400
5utr_start written 26400
5utr_start written 26500
5utr_start written 26600
5utr_start written 26700
3utr written 1500
non_coding_introns written 300
3utr written 1600
3utr written 1700
3utr written 1800
3utr written 1900
3utr written 2000
3utr written 2100
3utr written 2200
3utr written 2300
3utr written 2400
3utr written 2500
non_coding_exons written 5100
5utr written 23000
5utr written 23100
5utr written 23200
5utr written 23300
5utr written 23400
5utr written 23500
5utr written 23600
5utr written 23700
5utr written 23800
5utr written 23900
5utr written 24000
5utr written 24100
5utr written 24200
5utr written 24300
5utr written 24400
5utr written 24500
5utr written 24600
5utr written 24700
5utr written 24800
5utr written 24900
5utr written 25000
5utr written 25100
5utr written 25200
5utr written 25300
5utr written 25400
5utr written 25500
5utr written 25600
5utr written 25700
5utr written 25800
5utr written 25900
5utr written 26000
coding_introns written 300
5utr written 26100
5utr written 26200
5utr written 26300
5utr written 26400
5utr written 26500
5utr written 26600
5utr_start written 26800
introns written 300
3utr written 2600
3utr written 2700
3utr written 2800
non_coding_exons written 5200
3utr written 2900
non_coding_introns written 400
5utr written 26700
5utr written 26800
5utr written 26900
3utr written 3000
5utr written 27000
5utr written 27100
5utr written 27200
5utr written 27300
5utr written 27400
5utr written 27500
5utr written 27600
5utr written 27700
5utr written 27800
5utr written 27900
5utr written 28000
5utr written 28100
5utr written 28200
5utr written 28300
5utr written 28400
5utr written 28500
5utr written 28600
cds written 100
cds written 200
cds written 300
cds written 400
5utr written 28700
cds written 500
5utr written 28800
5utr written 28900
cds written 600
cds written 700
cds written 800
cds written 900
5utr written 29000
5utr written 29100
5utr written 29200
5utr written 29300
cds written 1000
5utr written 29400
5utr written 29500
5utr written 29600
5utr written 29700
cds written 1100
non_coding_introns written 500
5utr written 29800
5utr written 29900
5utr written 30000
5utr written 30100
5utr written 30200
5utr written 30300
5utr written 30400
cds written 1200
5utr written 30500
5utr written 30600
5utr written 30700
5utr written 30800
5utr written 30900
cds written 1300
5utr written 31000
5utr written 31100
5utr written 31200
5utr written 31300
cds written 1400
5utr written 31400
5utr written 31500
5utr written 31600
cds written 1500
cds written 1600
5utr written 31700
cds written 1700
5utr written 31800
5utr written 31900
cds written 1800
5utr written 32000
5utr written 32100
5utr written 32200
5utr written 32300
5utr written 32400
cds written 1900
5utr written 32500
5utr written 32600
5utr written 32700
cds written 2000
5utr written 32800
5utr written 32900
cds written 2100
cds written 2200
cds written 2300
cds written 2400
cds written 2500
5utr written 33000
cds written 2600
5utr written 33100
5utr written 33200
cds written 2700
5utr written 33300
cds written 2800
5utr written 33400
5utr written 33500
cds written 2900
5utr written 33600
5utr written 33700
cds written 3000
5utr written 33800
5utr written 33900
5utr written 34000
cds written 3100
5utr written 34100
5utr written 34200
5utr written 34300
5utr written 34400
5utr written 34500
5utr written 34600
cds written 3200
5utr written 34700
5utr written 34800
5utr written 34900
cds written 3300
5utr written 35000
5utr_start written 26900
cds written 3400
5utr_start written 27000
5utr written 35100
5utr written 35200
cds written 3500
5utr written 35300
5utr written 35400
cds written 3600
5utr written 35500
cds written 3700
5utr written 35600
5utr written 35700
5utr written 35800
cds written 3800
5utr written 35900
5utr written 36000
5utr written 36100
cds written 3900
5utr written 36200
cds written 4000
5utr written 36300
cds written 4100
cds written 4200
cds written 4300
5utr written 36400
cds written 4400
cds written 4500
5utr written 36500
cds written 4600
5utr written 36600
cds written 4700
5utr written 36700
cds written 4800
cds written 4900
cds written 5000
5utr written 36800
5utr written 36900
5utr written 37000
cds written 5100
5utr written 37100
5utr written 37200
5utr written 37300
cds written 5200
5utr written 37400
5utr written 37500
5utr written 37600
5utr written 37700
5utr written 37800
5utr written 37900
cds written 5300
5utr written 38000
5utr written 38100
5utr written 38200
5utr written 38300
cds written 5400
5utr written 38400
5utr_start written 27100
non_coding_exons written 5300
3utr written 3100
3utr written 3200
introns written 400
3utr written 3300
non_coding_exons written 5400
non_coding_exons written 5500
3utr written 3400
non_coding_exons written 5600
3utr written 3500
3utr written 3600
non_coding_exons written 5700
3utr written 3700
3utr written 3800
non_coding_exons written 5800
non_coding_exons written 5900
non_coding_exons written 6000
non_coding_exons written 6100
non_coding_exons written 6200
coding_introns written 400
cds written 5500
cds written 5600
non_coding_exons written 6300
non_coding_exons written 6400
non_coding_exons written 6500
non_coding_exons written 6600
non_coding_exons written 6700
non_coding_exons written 6800
non_coding_exons written 6900
non_coding_exons written 7000
introns written 500
3utr written 3900
3utr written 4000
3utr written 4100
3utr written 4200
3utr written 4300
3utr written 4400
3utr written 4500
3utr written 4600
non_coding_introns written 600
3utr written 4700
5utr written 38500
coding_exons written 100
5utr written 38600
5utr written 38700
5utr written 38800
5utr written 38900
5utr written 39000
5utr written 39100
coding_exons written 200
introns written 600
non_coding_exons written 7100
non_coding_exons written 7200
non_coding_exons written 7300
3utr written 4800
coding_exons written 300
coding_introns written 500
3utr written 4900
coding_exons written 400
3utr written 5000
3utr written 5100
coding_exons written 500
3utr written 5200
3utr written 5300
3utr written 5400
3utr written 5500
coding_exons written 600
3utr written 5600
3utr written 5700
coding_exons written 700
non_coding_introns written 700
coding_exons written 800
coding_exons written 900
coding_exons written 1000
coding_exons written 1100
coding_exons written 1200
coding_exons written 1300
5utr written 39200
5utr written 39300
coding_exons written 1400
5utr written 39400
5utr written 39500
coding_exons written 1500
5utr written 39600
5utr written 39700
5utr written 39800
5utr written 39900
5utr written 40000
5utr written 40100
5utr written 40200
5utr written 40300
5utr written 40400
coding_exons written 1600
coding_introns written 600
cds written 5700
cds written 5800
coding_exons written 1700
coding_exons written 1800
coding_exons written 1900
non_coding_introns written 800
coding_exons written 2000
cds written 5900
non_coding_exons written 7400
non_coding_exons written 7500
non_coding_exons written 7600
coding_exons written 2100
coding_exons written 2200
coding_exons written 2300
non_coding_exons written 7700
coding_exons written 2400
non_coding_exons written 7800
cds written 6000
coding_exons written 2500
coding_introns written 700
coding_exons written 2600
non_coding_exons written 7900
coding_exons written 2700
non_coding_exons written 8000
non_coding_exons written 8100
coding_exons written 2800
non_coding_exons written 8200
non_coding_exons written 8300
coding_exons written 2900
non_coding_exons written 8400
coding_exons written 3000
non_coding_exons written 8500
cds written 6100
coding_exons written 3100
coding_exons written 3200
non_coding_exons written 8600
coding_exons written 3300
coding_exons written 3400
non_coding_exons written 8700
coding_exons written 3500
non_coding_exons written 8800
non_coding_exons written 8900
cds written 6200
non_coding_exons written 9000
non_coding_exons written 9100
coding_exons written 3600
non_coding_exons written 9200
non_coding_exons written 9300
non_coding_exons written 9400
cds written 6300
non_coding_exons written 9500
cds written 6400
non_coding_exons written 9600
coding_exons written 3700
cds written 6500
non_coding_exons written 9700
cds written 6600
non_coding_exons written 9800
non_coding_exons written 9900
non_coding_exons written 10000
cds written 6700
coding_exons written 3800
non_coding_exons written 10100
non_coding_exons written 10200
cds written 6800
non_coding_exons written 10300
coding_exons written 3900
cds written 6900
coding_exons written 4000
non_coding_exons written 10400
cds written 7000
coding_exons written 4100
cds written 7100
non_coding_exons written 10500
cds written 7200
coding_exons written 4200
cds written 7300
non_coding_exons written 10600
cds written 7400
coding_exons written 4300
non_coding_exons written 10700
cds written 7500
coding_exons written 4400
cds written 7600
coding_exons written 4500
cds written 7700
coding_exons written 4600
cds written 7800
coding_exons written 4700
cds written 7900
non_coding_exons written 10800
introns written 700
cds written 8000
coding_exons written 4800
coding_exons written 4900
coding_exons written 5000
cds written 8100
cds written 8200
coding_exons written 5100
cds written 8300
non_coding_exons written 10900
cds written 8400
non_coding_exons written 11000
cds written 8500
non_coding_exons written 11100
coding_exons written 5200
cds written 8600
non_coding_exons written 11200
cds written 8700
cds written 8800
non_coding_exons written 11300
cds written 8900
cds written 9000
cds written 9100
cds written 9200
non_coding_exons written 11400
cds written 9300
cds written 9400
coding_exons written 5300
non_coding_exons written 11500
cds written 9500
non_coding_exons written 11600
cds written 9600
non_coding_exons written 11700
coding_exons written 5400
cds written 9700
non_coding_exons written 11800
cds written 9800
coding_exons written 5500
non_coding_exons written 11900
cds written 9900
non_coding_exons written 12000
cds written 10000
3utr written 5800
3utr written 5900
coding_exons written 5600
cds written 10100
non_coding_exons written 12100
cds written 10200
coding_exons written 5700
cds written 10300
non_coding_exons written 12200
cds written 10400
cds written 10500
3utr written 6000
cds written 10600
cds written 10700
non_coding_exons written 12300
cds written 10800
coding_exons written 5800
cds written 10900
introns written 800
cds written 11000
cds written 11100
non_coding_exons written 12400
cds written 11200
5utr_start written 27200
5utr_start written 27300
5utr_start written 27400
5utr_start written 27500
5utr_start written 27600
5utr_start written 27700
5utr_start written 27800
5utr_start written 27900
5utr_start written 28000
coding_exons written 5900
5utr_start written 28100
5utr_start written 28200
5utr_start written 28300
5utr_start written 28400
5utr_start written 28500
5utr_start written 28600
5utr_start written 28700
5utr_start written 28800
5utr_start written 28900
5utr_start written 29000
coding_exons written 6000
5utr_start written 29100
5utr_start written 29200
5utr_start written 29300
5utr_start written 29400
coding_exons written 6100
3utr written 6100
coding_exons written 6200
cds written 11300
non_coding_introns written 900
non_coding_exons written 12500
non_coding_exons written 12600
non_coding_introns written 1000
3utr written 6200
exons written 100
coding_exons written 6300
exons written 200
3utr written 6300
exons written 300
3utr written 6400
3utr written 6500
3utr written 6600
exons written 400
3utr written 6700
coding_exons written 6400
3utr written 6800
exons written 500
3utr written 6900
exons written 600
3utr written 7000
3utr written 7100
exons written 700
3utr written 7200
3utr written 7300
3utr written 7400
3utr written 7500
3utr written 7600
exons written 800
3utr written 7700
3utr written 7800
coding_exons written 6500
non_coding_introns written 1100
3utr written 7900
exons written 900
3utr written 8000
3utr written 8100
3utr written 8200
exons written 1000
3utr written 8300
3utr written 8400
3utr written 8500
3utr written 8600
3utr written 8700
exons written 1100
non_coding_introns written 1200
3utr written 8800
3utr written 8900
3utr written 9000
3utr written 9100
3utr written 9200
3utr written 9300
3utr written 9400
3utr written 9500
5utr_start written 29500
non_coding_introns written 1300
coding_exons written 6600
exons written 1200
introns written 900
exons written 1300
exons written 1400
exons written 1500
non_coding_introns written 1400
exons written 1600
exons written 1700
exons written 1800
3utr written 9600
exons written 1900
3utr written 9700
5utr_start written 29600
5utr_start written 29700
cds written 11400
5utr_start written 29800
5utr_start written 29900
5utr_start written 30000
cds written 11500
5utr_start written 30100
5utr_start written 30200
5utr_start written 30300
5utr_start written 30400
5utr_start written 30500
5utr_start written 30600
3utr written 9800
cds written 11600
5utr_start written 30700
5utr_start written 30800
5utr_start written 30900
5utr_start written 31000
cds written 11700
cds written 11800
3utr written 9900
cds written 11900
5utr_start written 31100
5utr_start written 31200
5utr_start written 31300
cds written 12000
3utr written 10000
5utr_start written 31400
5utr_start written 31500
5utr_start written 31600
5utr_start written 31700
5utr_start written 31800
cds written 12100
5utr_start written 31900
5utr_start written 32000
5utr_start written 32100
5utr_start written 32200
5utr_start written 32300
5utr_start written 32400
3utr written 10100
cds written 12200
5utr_start written 32500
cds written 12300
5utr_start written 32600
5utr_start written 32700
5utr_start written 32800
5utr_start written 32900
cds written 12400
non_coding_introns written 1500
5utr_start written 33000
cds written 12500
5utr_start written 33100
5utr_start written 33200
cds written 12600
5utr_start written 33300
5utr_start written 33400
5utr_start written 33500
5utr_start written 33600
5utr_start written 33700
5utr_start written 33800
5utr_start written 33900
cds written 12700
5utr_start written 34000
cds written 12800
5utr_start written 34100
5utr_start written 34200
5utr_start written 34300
non_coding_introns written 1600
3utr written 10200
3utr written 10300
3utr written 10400
non_coding_introns written 1700
3utr written 10500
3utr written 10600
exons written 2000
3utr written 10700
coding_exons written 6700
3utr written 10800
exons written 2100
3utr written 10900
3utr written 11000
coding_exons written 6800
3utr written 11100
coding_exons written 6900
3utr written 11200
3utr written 11300
3utr written 11400
coding_exons written 7000
coding_exons written 7100
3utr written 11500
exons written 2200
3utr written 11600
5utr_start written 34400
5utr_start written 34500
5utr_start written 34600
cds written 12900
5utr_start written 34700
5utr_start written 34800
5utr_start written 34900
cds written 13000
5utr_start written 35000
5utr_start written 35100
5utr_start written 35200
5utr_start written 35300
5utr_start written 35400
cds written 13100
5utr_start written 35500
cds written 13200
5utr_start written 35600
cds written 13300
5utr_start written 35700
cds written 13400
cds written 13500
5utr_start written 35800
cds written 13600
5utr_start written 35900
5utr_start written 36000
5utr_start written 36100
5utr_start written 36200
5utr_start written 36300
5utr_start written 36400
5utr_start written 36500
5utr_start written 36600
5utr_start written 36700
5utr_start written 36800
cds written 13700
5utr_start written 36900
5utr_start written 37000
5utr_start written 37100
5utr_start written 37200
5utr_start written 37300
5utr_start written 37400
5utr_start written 37500
cds written 13800
5utr_start written 37600
5utr_start written 37700
5utr_start written 37800
cds written 13900
5utr_start written 37900
cds written 14000
5utr_start written 38000
5utr_start written 38100
5utr_start written 38200
5utr_start written 38300
5utr_start written 38400
5utr_start written 38500
5utr_start written 38600
cds written 14100
5utr_start written 38700
5utr_start written 38800
5utr_start written 38900
5utr_start written 39000
5utr_start written 39100
5utr_start written 39200
non_coding_introns written 1800
cds written 14200
5utr_start written 39300
cds written 14300
cds written 14400
5utr_start written 39400
cds written 14500
5utr_start written 39500
5utr_start written 39600
cds written 14600
cds written 14700
5utr_start written 39700
cds written 14800
5utr_start written 39800
5utr_start written 39900
5utr_start written 40000
5utr_start written 40100
5utr_start written 40200
5utr_start written 40300
cds written 14900
5utr_start written 40400
5utr_start written 40500
cds written 15000
5utr_start written 40600
5utr_start written 40700
5utr_start written 40800
5utr_start written 40900
5utr_start written 41000
cds written 15100
5utr_start written 41100
5utr_start written 41200
5utr_start written 41300
5utr_start written 41400
cds written 15200
5utr_start written 41500
5utr_start written 41600
cds written 15300
5utr_start written 41700
5utr_start written 41800
5utr_start written 41900
5utr_start written 42000
cds written 15400
5utr_start written 42100
cds written 15500
5utr_start written 42200
5utr_start written 42300
5utr_start written 42400
cds written 15600
5utr_start written 42500
5utr_start written 42600
5utr_start written 42700
5utr_start written 42800
5utr_start written 42900
5utr_start written 43000
cds written 15700
cds written 15800
cds written 15900
cds written 16000
cds written 16100
cds written 16200
cds written 16300
cds written 16400
cds written 16500
cds written 16600
cds written 16700
3utr written 11700
cds written 16800
cds written 16900
cds written 17000
exons written 2300
cds written 17100
cds written 17200
cds written 17300
exons written 2400
cds written 17400
exons written 2500
exons written 2600
cds written 17500
cds written 17600
cds written 17700
3utr written 11800
cds written 17800
exons written 2700
cds written 17900
exons written 2800
cds written 18000
3utr written 11900
3utr written 12000
cds written 18100
cds written 18200
exons written 2900
cds written 18300
cds written 18400
3utr written 12100
exons written 3000
cds written 18500
cds written 18600
cds written 18700
cds written 18800
3utr written 12200
3utr written 12300
3utr written 12400
3utr written 12500
3utr written 12600
3utr written 12700
3utr written 12800
3utr written 12900
3utr written 13000
coding_exons written 7200
3utr written 13100
3utr written 13200
3utr written 13300
3utr written 13400
non_coding_introns written 1900
coding_exons written 7300
3utr written 13500
5utr_start written 43100
5utr_start written 43200
3utr written 13600
5utr_start written 43300
5utr_start written 43400
5utr_start written 43500
5utr_start written 43600
5utr_start written 43700
exons written 3100
exons written 3200
cds written 18900
exons written 3300
cds written 19000
introns written 1000
coding_exons written 7400
3utr written 13700
coding_exons written 7500
3utr written 13800
coding_exons written 7600
3utr written 13900
3utr written 14000
3utr written 14100
3utr written 14200
coding_exons written 7700
3utr written 14300
3utr written 14400
coding_exons written 7800
exons written 3400
coding_exons written 7900
exons written 3500
exons written 3600
exons written 3700
exons written 3800
exons written 3900
exons written 4000
exons written 4100
exons written 4200
exons written 4300
coding_introns written 800
exons written 4400
